<?xml version="1.0" encoding="UTF-8" standalone="no"?>
<!DOCTYPE log SYSTEM "logger.dtd">
<log>
<record>
  <date>2020-07-27T12:58:07</date>
  <millis>1595829487665</millis>
  <sequence>0</sequence>
  <level>START</level>
  <class>com.kms.katalon.core.logging.XmlKeywordLogger</class>
  <method>startSuite</method>
  <thread>1</thread>
  <message>Start Test Suite : Test Suites/digidashboard/digiDashboard</message>
  <nestedLevel>0</nestedLevel>
  <property name="name">digiDashboard</property>
  <property name="description"></property>
  <property name="id">Test Suites/digidashboard/digiDashboard</property>
</record>
<record>
  <date>2020-07-27T12:58:07</date>
  <millis>1595829487686</millis>
  <sequence>1</sequence>
  <level>RUN_DATA</level>
  <class>com.kms.katalon.core.logging.XmlKeywordLogger</class>
  <method>logMessage</method>
  <thread>1</thread>
  <message>hostName = Mika Silaen - PRIMA</message>
  <nestedLevel>0</nestedLevel>
  <property name="hostName">Mika Silaen - PRIMA</property>
</record>
<record>
  <date>2020-07-27T12:58:07</date>
  <millis>1595829487687</millis>
  <sequence>2</sequence>
  <level>RUN_DATA</level>
  <class>com.kms.katalon.core.logging.XmlKeywordLogger</class>
  <method>logMessage</method>
  <thread>1</thread>
  <message>os = Windows 10 64bit</message>
  <nestedLevel>0</nestedLevel>
  <property name="os">Windows 10 64bit</property>
</record>
<record>
  <date>2020-07-27T12:58:07</date>
  <millis>1595829487689</millis>
  <sequence>3</sequence>
  <level>RUN_DATA</level>
  <class>com.kms.katalon.core.logging.XmlKeywordLogger</class>
  <method>logMessage</method>
  <thread>1</thread>
  <message>hostAddress = 192.168.237.1</message>
  <nestedLevel>0</nestedLevel>
  <property name="hostAddress">192.168.237.1</property>
</record>
<record>
  <date>2020-07-27T12:58:07</date>
  <millis>1595829487690</millis>
  <sequence>4</sequence>
  <level>RUN_DATA</level>
  <class>com.kms.katalon.core.logging.XmlKeywordLogger</class>
  <method>logMessage</method>
  <thread>1</thread>
  <message>katalonVersion = 6.2.0.1</message>
  <nestedLevel>0</nestedLevel>
  <property name="katalonVersion">6.2.0.1</property>
</record>
<record>
  <date>2020-07-27T12:58:08</date>
  <millis>1595829488106</millis>
  <sequence>5</sequence>
  <level>START</level>
  <class>com.kms.katalon.core.logging.XmlKeywordLogger</class>
  <method>startTest</method>
  <thread>1</thread>
  <message>Start Test Case : Test Cases/digi-dashboard/onboarding</message>
  <nestedLevel>1</nestedLevel>
  <property name="name">Test Cases/digi-dashboard/onboarding</property>
  <property name="description"></property>
  <property name="id">Test Cases/digi-dashboard/onboarding</property>
  <property name="source">C:\\Users\\Mika Silaen\\Katalon Studio\\API\\Test Cases\\digi-dashboard\\onboarding.tc</property>
  <property name="tag"></property>
  <property name="isOptional">false</property>
</record>
<record>
  <date>2020-07-27T12:58:08</date>
  <millis>1595829488134</millis>
  <sequence>6</sequence>
  <level>END</level>
  <class>com.kms.katalon.core.logging.XmlKeywordLogger</class>
  <method>endTest</method>
  <thread>1</thread>
  <message>End Test Case : Test Cases/digi-dashboard/onboarding</message>
  <nestedLevel>0</nestedLevel>
</record>
</log>
